2021/04/30 14:18:21 [notice] 1#1: using the "epoll" event method
2021/04/30 14:18:21 [notice] 1#1: nginx/1.20.0
2021/04/30 14:18:21 [notice] 1#1: built by gcc 10.2.1 20201203 (Alpine 10.2.1_pre1) 
2021/04/30 14:18:21 [notice] 1#1: OS: Linux 5.10.25-linuxkit
2021/04/30 14:18:21 [notice] 1#1: getrlimit(RLIMIT_NOFILE): 1048576:1048576
2021/04/30 14:18:21 [notice] 1#1: start worker processes
2021/04/30 14:18:21 [notice] 1#1: start worker process 32
2021/04/30 14:18:21 [notice] 1#1: start worker process 33
2021/04/30 14:18:21 [notice] 1#1: start worker process 34
2021/04/30 14:18:21 [notice] 1#1: start worker process 35
2021/04/30 14:24:57 [notice] 1#1: signal 3 (SIGQUIT) received, shutting down
2021/04/30 14:24:57 [notice] 32#32: gracefully shutting down
2021/04/30 14:24:57 [notice] 35#35: gracefully shutting down
2021/04/30 14:24:57 [notice] 33#33: gracefully shutting down
2021/04/30 14:24:57 [notice] 34#34: gracefully shutting down
2021/04/30 14:24:57 [notice] 32#32: exiting
2021/04/30 14:24:57 [notice] 35#35: exiting
2021/04/30 14:24:57 [notice] 33#33: exiting
2021/04/30 14:24:57 [notice] 34#34: exiting
2021/04/30 14:24:57 [notice] 32#32: exit
2021/04/30 14:24:57 [notice] 35#35: exit
2021/04/30 14:24:57 [notice] 33#33: exit
2021/04/30 14:24:57 [notice] 34#34: exit
2021/04/30 14:24:57 [notice] 1#1: signal 17 (SIGCHLD) received from 32
2021/04/30 14:24:57 [notice] 1#1: worker process 32 exited with code 0
2021/04/30 14:24:57 [notice] 1#1: signal 29 (SIGIO) received
2021/04/30 14:24:57 [notice] 1#1: signal 17 (SIGCHLD) received from 35
2021/04/30 14:24:57 [notice] 1#1: worker process 35 exited with code 0
2021/04/30 14:24:57 [notice] 1#1: signal 29 (SIGIO) received
2021/04/30 14:24:57 [notice] 1#1: signal 17 (SIGCHLD) received from 33
2021/04/30 14:24:57 [notice] 1#1: worker process 33 exited with code 0
2021/04/30 14:24:57 [notice] 1#1: worker process 34 exited with code 0
2021/04/30 14:24:57 [notice] 1#1: exit
2021/04/30 14:25:42 [notice] 1#1: using the "epoll" event method
2021/04/30 14:25:42 [notice] 1#1: nginx/1.20.0
2021/04/30 14:25:42 [notice] 1#1: built by gcc 10.2.1 20201203 (Alpine 10.2.1_pre1) 
2021/04/30 14:25:42 [notice] 1#1: OS: Linux 5.10.25-linuxkit
2021/04/30 14:25:42 [notice] 1#1: getrlimit(RLIMIT_NOFILE): 1048576:1048576
2021/04/30 14:25:42 [notice] 1#1: start worker processes
2021/04/30 14:25:42 [notice] 1#1: start worker process 30
2021/04/30 14:25:42 [notice] 1#1: start worker process 31
2021/04/30 14:25:42 [notice] 1#1: start worker process 32
2021/04/30 14:25:42 [notice] 1#1: start worker process 33
2021/04/30 14:32:19 [notice] 1#1: signal 3 (SIGQUIT) received, shutting down
2021/04/30 14:32:19 [notice] 30#30: gracefully shutting down
2021/04/30 14:32:19 [notice] 30#30: exiting
2021/04/30 14:32:19 [notice] 32#32: gracefully shutting down
2021/04/30 14:32:19 [notice] 31#31: gracefully shutting down
2021/04/30 14:32:19 [notice] 33#33: gracefully shutting down
2021/04/30 14:32:19 [notice] 30#30: exit
2021/04/30 14:32:19 [notice] 32#32: exiting
2021/04/30 14:32:19 [notice] 31#31: exiting
2021/04/30 14:32:19 [notice] 31#31: exit
2021/04/30 14:32:19 [notice] 33#33: exiting
2021/04/30 14:32:19 [notice] 32#32: exit
2021/04/30 14:32:19 [notice] 33#33: exit
2021/04/30 14:32:20 [notice] 1#1: signal 17 (SIGCHLD) received from 30
2021/04/30 14:32:20 [notice] 1#1: worker process 30 exited with code 0
2021/04/30 14:32:20 [notice] 1#1: signal 29 (SIGIO) received
2021/04/30 14:32:20 [notice] 1#1: signal 17 (SIGCHLD) received from 31
2021/04/30 14:32:20 [notice] 1#1: worker process 31 exited with code 0
2021/04/30 14:32:20 [notice] 1#1: signal 29 (SIGIO) received
2021/04/30 14:32:20 [notice] 1#1: signal 17 (SIGCHLD) received from 32
2021/04/30 14:32:20 [notice] 1#1: worker process 32 exited with code 0
2021/04/30 14:32:20 [notice] 1#1: worker process 33 exited with code 0
2021/04/30 14:32:20 [notice] 1#1: exit
2021/04/30 14:34:44 [notice] 1#1: using the "epoll" event method
2021/04/30 14:34:44 [notice] 1#1: nginx/1.20.0
2021/04/30 14:34:44 [notice] 1#1: built by gcc 10.2.1 20201203 (Alpine 10.2.1_pre1) 
2021/04/30 14:34:44 [notice] 1#1: OS: Linux 5.10.25-linuxkit
2021/04/30 14:34:44 [notice] 1#1: getrlimit(RLIMIT_NOFILE): 1048576:1048576
2021/04/30 14:34:44 [notice] 1#1: start worker processes
2021/04/30 14:34:44 [notice] 1#1: start worker process 32
2021/04/30 14:34:44 [notice] 1#1: start worker process 33
2021/04/30 14:34:44 [notice] 1#1: start worker process 34
2021/04/30 14:34:44 [notice] 1#1: start worker process 35
2021/04/30 14:35:09 [error] 32#32: *1 connect() failed (113: Host is unreachable) while connecting to upstream, client: 172.18.0.1, server: dev.modiscloud.net, request: "GET / HTTP/1.1", upstream: "uwsgi://172.18.0.3:5000", host: "localhost"
2021/04/30 14:35:12 [error] 32#32: *1 connect() failed (113: Host is unreachable) while connecting to upstream, client: 172.18.0.1, server: dev.modiscloud.net, request: "GET /favicon.ico HTTP/1.1", upstream: "uwsgi://172.18.0.3:5000", host: "localhost", referrer: "http://localhost/"
2021/04/30 14:35:29 [notice] 1#1: signal 3 (SIGQUIT) received, shutting down
2021/04/30 14:35:29 [notice] 32#32: gracefully shutting down
2021/04/30 14:35:29 [notice] 32#32: exiting
2021/04/30 14:35:29 [notice] 34#34: gracefully shutting down
2021/04/30 14:35:29 [notice] 35#35: gracefully shutting down
2021/04/30 14:35:29 [notice] 33#33: gracefully shutting down
2021/04/30 14:35:29 [notice] 32#32: exit
2021/04/30 14:35:29 [notice] 34#34: exiting
2021/04/30 14:35:29 [notice] 35#35: exiting
2021/04/30 14:35:29 [notice] 33#33: exiting
2021/04/30 14:35:29 [notice] 34#34: exit
2021/04/30 14:35:29 [notice] 35#35: exit
2021/04/30 14:35:29 [notice] 33#33: exit
2021/04/30 14:35:29 [notice] 1#1: signal 17 (SIGCHLD) received from 32
2021/04/30 14:35:29 [notice] 1#1: worker process 32 exited with code 0
2021/04/30 14:35:29 [notice] 1#1: signal 29 (SIGIO) received
2021/04/30 14:35:29 [notice] 1#1: signal 17 (SIGCHLD) received from 35
2021/04/30 14:35:29 [notice] 1#1: worker process 34 exited with code 0
2021/04/30 14:35:29 [notice] 1#1: worker process 35 exited with code 0
2021/04/30 14:35:29 [notice] 1#1: signal 29 (SIGIO) received
2021/04/30 14:35:29 [notice] 1#1: signal 17 (SIGCHLD) received from 33
2021/04/30 14:35:29 [notice] 1#1: worker process 33 exited with code 0
2021/04/30 14:35:29 [notice] 1#1: exit
2021/04/30 14:35:44 [notice] 1#1: using the "epoll" event method
2021/04/30 14:35:44 [notice] 1#1: nginx/1.20.0
2021/04/30 14:35:44 [notice] 1#1: built by gcc 10.2.1 20201203 (Alpine 10.2.1_pre1) 
2021/04/30 14:35:44 [notice] 1#1: OS: Linux 5.10.25-linuxkit
2021/04/30 14:35:44 [notice] 1#1: getrlimit(RLIMIT_NOFILE): 1048576:1048576
2021/04/30 14:35:44 [notice] 1#1: start worker processes
2021/04/30 14:35:44 [notice] 1#1: start worker process 32
2021/04/30 14:35:44 [notice] 1#1: start worker process 33
2021/04/30 14:35:44 [notice] 1#1: start worker process 34
2021/04/30 14:35:44 [notice] 1#1: start worker process 35
2021/04/30 14:36:44 [notice] 1#1: signal 3 (SIGQUIT) received, shutting down
2021/04/30 14:36:44 [notice] 34#34: gracefully shutting down
2021/04/30 14:36:44 [notice] 33#33: gracefully shutting down
2021/04/30 14:36:44 [notice] 32#32: gracefully shutting down
2021/04/30 14:36:44 [notice] 35#35: gracefully shutting down
2021/04/30 14:36:44 [notice] 34#34: exiting
2021/04/30 14:36:44 [notice] 33#33: exiting
2021/04/30 14:36:44 [notice] 32#32: exiting
2021/04/30 14:36:44 [notice] 35#35: exiting
2021/04/30 14:36:44 [notice] 34#34: exit
2021/04/30 14:36:44 [notice] 33#33: exit
2021/04/30 14:36:44 [notice] 32#32: exit
2021/04/30 14:36:44 [notice] 35#35: exit
2021/04/30 14:36:44 [notice] 1#1: signal 17 (SIGCHLD) received from 35
2021/04/30 14:36:44 [notice] 1#1: worker process 32 exited with code 0
2021/04/30 14:36:44 [notice] 1#1: worker process 34 exited with code 0
2021/04/30 14:36:44 [notice] 1#1: worker process 35 exited with code 0
2021/04/30 14:36:44 [notice] 1#1: worker process 33 exited with code 0
2021/04/30 14:36:44 [notice] 1#1: exit
2021/04/30 14:38:39 [notice] 1#1: using the "epoll" event method
2021/04/30 14:38:39 [notice] 1#1: nginx/1.20.0
2021/04/30 14:38:39 [notice] 1#1: built by gcc 10.2.1 20201203 (Alpine 10.2.1_pre1) 
2021/04/30 14:38:39 [notice] 1#1: OS: Linux 5.10.25-linuxkit
2021/04/30 14:38:39 [notice] 1#1: getrlimit(RLIMIT_NOFILE): 1048576:1048576
2021/04/30 14:38:39 [notice] 1#1: start worker processes
2021/04/30 14:38:39 [notice] 1#1: start worker process 33
2021/04/30 14:38:39 [notice] 1#1: start worker process 34
2021/04/30 14:38:39 [notice] 1#1: start worker process 35
2021/04/30 14:38:39 [notice] 1#1: start worker process 36
2021/04/30 14:38:56 [notice] 1#1: signal 3 (SIGQUIT) received, shutting down
2021/04/30 14:38:56 [notice] 34#34: gracefully shutting down
2021/04/30 14:38:56 [notice] 33#33: gracefully shutting down
2021/04/30 14:38:56 [notice] 35#35: gracefully shutting down
2021/04/30 14:38:56 [notice] 36#36: gracefully shutting down
2021/04/30 14:38:56 [notice] 34#34: exiting
2021/04/30 14:38:56 [notice] 33#33: exiting
2021/04/30 14:38:56 [notice] 35#35: exiting
2021/04/30 14:38:56 [notice] 36#36: exiting
2021/04/30 14:38:56 [notice] 34#34: exit
2021/04/30 14:38:56 [notice] 33#33: exit
2021/04/30 14:38:56 [notice] 35#35: exit
2021/04/30 14:38:56 [notice] 36#36: exit
2021/04/30 14:38:56 [notice] 1#1: signal 17 (SIGCHLD) received from 33
2021/04/30 14:38:56 [notice] 1#1: worker process 33 exited with code 0
2021/04/30 14:38:56 [notice] 1#1: signal 29 (SIGIO) received
2021/04/30 14:38:56 [notice] 1#1: signal 17 (SIGCHLD) received from 34
2021/04/30 14:38:56 [notice] 1#1: worker process 34 exited with code 0
2021/04/30 14:38:56 [notice] 1#1: signal 29 (SIGIO) received
2021/04/30 14:38:56 [notice] 1#1: signal 17 (SIGCHLD) received from 35
2021/04/30 14:38:56 [notice] 1#1: worker process 35 exited with code 0
2021/04/30 14:38:56 [notice] 1#1: signal 17 (SIGCHLD) received from 36
2021/04/30 14:38:56 [notice] 1#1: worker process 36 exited with code 0
2021/04/30 14:38:56 [notice] 1#1: exit
2021/04/30 14:39:24 [notice] 1#1: using the "epoll" event method
2021/04/30 14:39:24 [notice] 1#1: nginx/1.20.0
2021/04/30 14:39:24 [notice] 1#1: built by gcc 10.2.1 20201203 (Alpine 10.2.1_pre1) 
2021/04/30 14:39:24 [notice] 1#1: OS: Linux 5.10.25-linuxkit
2021/04/30 14:39:24 [notice] 1#1: getrlimit(RLIMIT_NOFILE): 1048576:1048576
2021/04/30 14:39:24 [notice] 1#1: start worker processes
2021/04/30 14:39:24 [notice] 1#1: start worker process 31
2021/04/30 14:39:24 [notice] 1#1: start worker process 32
2021/04/30 14:39:24 [notice] 1#1: start worker process 33
2021/04/30 14:39:24 [notice] 1#1: start worker process 34
2021/04/30 14:46:01 [notice] 1#1: signal 3 (SIGQUIT) received, shutting down
2021/04/30 14:46:01 [notice] 31#31: gracefully shutting down
2021/04/30 14:46:01 [notice] 32#32: gracefully shutting down
2021/04/30 14:46:01 [notice] 34#34: gracefully shutting down
2021/04/30 14:46:01 [notice] 33#33: gracefully shutting down
2021/04/30 14:46:01 [notice] 31#31: exiting
2021/04/30 14:46:01 [notice] 32#32: exiting
2021/04/30 14:46:01 [notice] 34#34: exiting
2021/04/30 14:46:01 [notice] 34#34: exit
2021/04/30 14:46:01 [notice] 33#33: exiting
2021/04/30 14:46:01 [notice] 31#31: exit
2021/04/30 14:46:01 [notice] 32#32: exit
2021/04/30 14:46:01 [notice] 33#33: exit
2021/04/30 14:46:01 [notice] 1#1: signal 17 (SIGCHLD) received from 34
2021/04/30 14:46:01 [notice] 1#1: worker process 31 exited with code 0
2021/04/30 14:46:01 [notice] 1#1: worker process 32 exited with code 0
2021/04/30 14:46:01 [notice] 1#1: worker process 33 exited with code 0
2021/04/30 14:46:01 [notice] 1#1: worker process 34 exited with code 0
2021/04/30 14:46:01 [notice] 1#1: exit
2021/04/30 15:08:00 [notice] 1#1: using the "epoll" event method
2021/04/30 15:08:00 [notice] 1#1: nginx/1.20.0
2021/04/30 15:08:00 [notice] 1#1: built by gcc 10.2.1 20201203 (Alpine 10.2.1_pre1) 
2021/04/30 15:08:00 [notice] 1#1: OS: Linux 5.10.25-linuxkit
2021/04/30 15:08:00 [notice] 1#1: getrlimit(RLIMIT_NOFILE): 1048576:1048576
2021/04/30 15:08:00 [notice] 1#1: start worker processes
2021/04/30 15:08:00 [notice] 1#1: start worker process 31
2021/04/30 15:08:00 [notice] 1#1: start worker process 32
2021/04/30 15:08:00 [notice] 1#1: start worker process 33
2021/04/30 15:08:00 [notice] 1#1: start worker process 34
2021/04/30 15:29:14 [notice] 1#1: signal 3 (SIGQUIT) received, shutting down
2021/04/30 15:29:14 [notice] 31#31: gracefully shutting down
2021/04/30 15:29:14 [notice] 31#31: exiting
2021/04/30 15:29:14 [notice] 32#32: gracefully shutting down
2021/04/30 15:29:14 [notice] 32#32: exiting
2021/04/30 15:29:14 [notice] 33#33: gracefully shutting down
2021/04/30 15:29:14 [notice] 34#34: gracefully shutting down
2021/04/30 15:29:14 [notice] 31#31: exit
2021/04/30 15:29:14 [notice] 32#32: exit
2021/04/30 15:29:14 [notice] 33#33: exiting
2021/04/30 15:29:14 [notice] 34#34: exiting
2021/04/30 15:29:14 [notice] 33#33: exit
2021/04/30 15:29:14 [notice] 34#34: exit
2021/04/30 15:29:14 [notice] 1#1: signal 17 (SIGCHLD) received from 32
2021/04/30 15:29:14 [notice] 1#1: worker process 32 exited with code 0
2021/04/30 15:29:14 [notice] 1#1: signal 29 (SIGIO) received
2021/04/30 15:29:14 [notice] 1#1: signal 17 (SIGCHLD) received from 31
2021/04/30 15:29:14 [notice] 1#1: worker process 31 exited with code 0
2021/04/30 15:29:14 [notice] 1#1: signal 29 (SIGIO) received
2021/04/30 15:29:14 [notice] 1#1: signal 17 (SIGCHLD) received from 34
2021/04/30 15:29:14 [notice] 1#1: worker process 33 exited with code 0
2021/04/30 15:29:14 [notice] 1#1: worker process 34 exited with code 0
2021/04/30 15:29:14 [notice] 1#1: exit
2021/04/30 15:30:20 [notice] 1#1: using the "epoll" event method
2021/04/30 15:30:20 [notice] 1#1: nginx/1.20.0
2021/04/30 15:30:20 [notice] 1#1: built by gcc 10.2.1 20201203 (Alpine 10.2.1_pre1) 
2021/04/30 15:30:20 [notice] 1#1: OS: Linux 5.10.25-linuxkit
2021/04/30 15:30:20 [notice] 1#1: getrlimit(RLIMIT_NOFILE): 1048576:1048576
2021/04/30 15:30:20 [notice] 1#1: start worker processes
2021/04/30 15:30:20 [notice] 1#1: start worker process 31
2021/04/30 15:30:20 [notice] 1#1: start worker process 32
2021/04/30 15:30:20 [notice] 1#1: start worker process 33
2021/04/30 15:30:20 [notice] 1#1: start worker process 34
2021/04/30 15:36:21 [notice] 1#1: signal 3 (SIGQUIT) received, shutting down
2021/04/30 15:36:21 [notice] 31#31: gracefully shutting down
2021/04/30 15:36:21 [notice] 32#32: gracefully shutting down
2021/04/30 15:36:21 [notice] 33#33: gracefully shutting down
2021/04/30 15:36:21 [notice] 33#33: exiting
2021/04/30 15:36:21 [notice] 34#34: gracefully shutting down
2021/04/30 15:36:21 [notice] 31#31: exiting
2021/04/30 15:36:21 [notice] 32#32: exiting
2021/04/30 15:36:21 [notice] 33#33: exit
2021/04/30 15:36:21 [notice] 34#34: exiting
2021/04/30 15:36:21 [notice] 31#31: exit
2021/04/30 15:36:21 [notice] 32#32: exit
2021/04/30 15:36:21 [notice] 34#34: exit
2021/04/30 15:36:21 [notice] 1#1: signal 17 (SIGCHLD) received from 31
2021/04/30 15:36:21 [notice] 1#1: worker process 31 exited with code 0
2021/04/30 15:36:21 [notice] 1#1: worker process 33 exited with code 0
2021/04/30 15:36:21 [notice] 1#1: signal 29 (SIGIO) received
2021/04/30 15:36:21 [notice] 1#1: signal 17 (SIGCHLD) received from 32
2021/04/30 15:36:21 [notice] 1#1: worker process 32 exited with code 0
2021/04/30 15:36:21 [notice] 1#1: signal 29 (SIGIO) received
2021/04/30 15:36:21 [notice] 1#1: signal 17 (SIGCHLD) received from 34
2021/04/30 15:36:21 [notice] 1#1: worker process 34 exited with code 0
2021/04/30 15:36:21 [notice] 1#1: exit
2021/05/10 08:56:20 [notice] 1#1: using the "epoll" event method
2021/05/10 08:56:20 [notice] 1#1: nginx/1.20.0
2021/05/10 08:56:20 [notice] 1#1: built by gcc 10.2.1 20201203 (Alpine 10.2.1_pre1) 
2021/05/10 08:56:20 [notice] 1#1: OS: Linux 5.10.25-linuxkit
2021/05/10 08:56:20 [notice] 1#1: getrlimit(RLIMIT_NOFILE): 1048576:1048576
2021/05/10 08:56:20 [notice] 1#1: start worker processes
2021/05/10 08:56:20 [notice] 1#1: start worker process 32
2021/05/10 08:56:20 [notice] 1#1: start worker process 33
2021/05/10 08:56:20 [notice] 1#1: start worker process 34
2021/05/10 08:56:20 [notice] 1#1: start worker process 35
2021/05/10 08:59:04 [notice] 1#1: signal 3 (SIGQUIT) received, shutting down
2021/05/10 08:59:04 [notice] 32#32: gracefully shutting down
2021/05/10 08:59:04 [notice] 34#34: gracefully shutting down
2021/05/10 08:59:04 [notice] 33#33: gracefully shutting down
2021/05/10 08:59:04 [notice] 35#35: gracefully shutting down
2021/05/10 08:59:04 [notice] 32#32: exiting
2021/05/10 08:59:04 [notice] 34#34: exiting
2021/05/10 08:59:04 [notice] 33#33: exiting
2021/05/10 08:59:04 [notice] 35#35: exiting
2021/05/10 08:59:04 [notice] 32#32: exit
2021/05/10 08:59:04 [notice] 34#34: exit
2021/05/10 08:59:04 [notice] 33#33: exit
2021/05/10 08:59:04 [notice] 35#35: exit
2021/05/10 08:59:04 [notice] 1#1: signal 17 (SIGCHLD) received from 35
2021/05/10 08:59:04 [notice] 1#1: worker process 35 exited with code 0
2021/05/10 08:59:04 [notice] 1#1: worker process 33 exited with code 0
2021/05/10 08:59:04 [notice] 1#1: signal 29 (SIGIO) received
2021/05/10 08:59:04 [notice] 1#1: signal 17 (SIGCHLD) received from 33
2021/05/10 08:59:04 [notice] 1#1: worker process 32 exited with code 0
2021/05/10 08:59:04 [notice] 1#1: worker process 34 exited with code 0
2021/05/10 08:59:04 [notice] 1#1: exit
2021/05/12 15:18:27 [notice] 1#1: using the "epoll" event method
2021/05/12 15:18:27 [notice] 1#1: nginx/1.20.0
2021/05/12 15:18:27 [notice] 1#1: built by gcc 10.2.1 20201203 (Alpine 10.2.1_pre1) 
2021/05/12 15:18:27 [notice] 1#1: OS: Linux 5.10.25-linuxkit
2021/05/12 15:18:27 [notice] 1#1: getrlimit(RLIMIT_NOFILE): 1048576:1048576
2021/05/12 15:18:27 [notice] 1#1: start worker processes
2021/05/12 15:18:27 [notice] 1#1: start worker process 33
2021/05/12 15:18:27 [notice] 1#1: start worker process 34
2021/05/12 15:18:27 [notice] 1#1: start worker process 35
2021/05/12 15:18:27 [notice] 1#1: start worker process 36
2021/05/12 15:18:56 [notice] 1#1: signal 3 (SIGQUIT) received, shutting down
2021/05/12 15:18:56 [notice] 34#34: gracefully shutting down
2021/05/12 15:18:56 [notice] 33#33: gracefully shutting down
2021/05/12 15:18:56 [notice] 36#36: gracefully shutting down
2021/05/12 15:18:56 [notice] 35#35: gracefully shutting down
2021/05/12 15:18:56 [notice] 35#35: exiting
2021/05/12 15:18:56 [notice] 34#34: exiting
2021/05/12 15:18:56 [notice] 33#33: exiting
2021/05/12 15:18:56 [notice] 36#36: exiting
2021/05/12 15:18:56 [notice] 36#36: exit
2021/05/12 15:18:56 [notice] 35#35: exit
2021/05/12 15:18:56 [notice] 34#34: exit
2021/05/12 15:18:56 [notice] 33#33: exit
2021/05/12 15:18:56 [notice] 1#1: signal 17 (SIGCHLD) received from 36
2021/05/12 15:18:56 [notice] 1#1: worker process 36 exited with code 0
2021/05/12 15:18:56 [notice] 1#1: signal 29 (SIGIO) received
2021/05/12 15:18:56 [notice] 1#1: signal 17 (SIGCHLD) received from 34
2021/05/12 15:18:56 [notice] 1#1: worker process 33 exited with code 0
2021/05/12 15:18:56 [notice] 1#1: worker process 34 exited with code 0
2021/05/12 15:18:56 [notice] 1#1: signal 29 (SIGIO) received
2021/05/12 15:18:56 [notice] 1#1: signal 17 (SIGCHLD) received from 35
2021/05/12 15:18:56 [notice] 1#1: worker process 35 exited with code 0
2021/05/12 15:18:56 [notice] 1#1: exit
